DOMAIN-SUFFIX,fandom.com
DOMAIN-SUFFIX,soundcloud.com
DOMAIN-SUFFIX,fextralife.com
DOMAIN,ftw.riotgames.com
DOMAIN-SUFFIX,meta.ai
DOMAIN,apple-relay.mask.apple-dns.net
DOMAIN,apple-relay.apple.com
DOMAIN,apple-relay.cloudflare.com
DOMAIN,aadcdn.msauth.net
DOMAIN,aadcdn.msftauth.net
DOMAIN,browser.events.data.microsoft.com
DOMAIN,cdn.create.microsoft.com
DOMAIN,cdn.designerapp.osi.office.net
DOMAIN,designer.microsoft.com
DOMAIN,designerapp.officeapps.live.com
DOMAIN,ecs.office.com
DOMAIN,eu-mobile.events.data.microsoft.com
DOMAIN,fpt.live.com
DOMAIN,login.live.com
DOMAIN,login.microsoft.com
DOMAIN,login.microsoftonline.com
DOMAIN,logincdn.msftauth.net
