tracerequest.designerapp.officeapps.live.com
fallout.fandom.com
deac-ams.dl.sourceforge.net
apple-relay.mask.apple-dns.net
apple-relay.apple.com
apple-relay.cloudflare.com
site.yummyani.me
xfree.com
ftw.riotgames.com
soundcloud.com
secure.soundcloud.com
sndcdn.com
soundcloud.app.goo.gl
www.meta.ai
expedition33.wiki.fextralife.com
fextralife.com
llhost.eu
lowendtalk.com
xraycore.org
www.wallwidgy.me
router.parklogic.com
cdn.adsninja.ca
cdn.sentinelpro.com
images.valnetcdn.com
static0.fextralifeimages.com
cursor.directory
paragontweaks.net
cdn.staticdelivr.com
changes.fmhy.bid
deniom.ru
fmhy.net
aadcdn.msauth.net
aadcdn.msftauth.net
browser.events.data.microsoft.com
cdn.create.microsoft.com
cdn.designerapp.osi.office.net
designer.microsoft.com
designerapp.officeapps.live.com
ecs.office.com
eu-mobile.events.data.microsoft.com
fpt.live.com
login.live.com
login.microsoft.com
login.microsoftonline.com
logincdn.msftauth.net
res.public.onecdn.static.microsoft
